<?xml version="1.0" encoding="UTF-8"?>
<!-- Generated by org.testng.reporters.JUnitXMLReporter -->
<testsuite hostname="DESKTOP-J9VQ03L" ignored="0" name="Default test" tests="3" failures="0" timestamp="2019-09-18T12:56:54 EDT" time="81.119" errors="0">
  <testcase name="loginPageTitletest" time="0.371" classname="com.crm.qa.TestCases.LoginPageTest"/>
  <testcase name="crmlogoimagetest" time="0.218" classname="com.crm.qa.TestCases.LoginPageTest"/>
  <testcase name="loginTest" time="20.052" classname="com.crm.qa.TestCases.LoginPageTest"/>
</testsuite> <!-- Default test -->
